{
"contracts/Bank.sol":{"l":{"27":0,"28":0,"29":0,"32":0,"33":0,"39":0,"41":0,"43":0,"44":0,"51":0,"55":0},"path":"/home/thefirstelder/Documents/class/firstHardhatClass/contracts/Bank.sol","s":{"1":0,"2":0,"3":0,"4":0,"5":0,"6":0,"7":0,"8":0},"b":{"1":[0,0],"2":[0,0]},"f":{"1":0,"2":0,"3":0,"4":0},"fnMap":{"1":{"name":"deposit","line":25,"loc":{"start":{"line":25,"column":4},"end":{"line":34,"column":4}}},"2":{"name":"withdraw","line":38,"loc":{"start":{"line":38,"column":4},"end":{"line":46,"column":4}}},"3":{"name":"getCounter","line":50,"loc":{"start":{"line":50,"column":4},"end":{"line":52,"column":4}}},"4":{"name":"getCurrentUSerBalance","line":54,"loc":{"start":{"line":54,"column":4},"end":{"line":56,"column":4}}}},"statementMap":{"1":{"start":{"line":27,"column":8},"end":{"line":27,"column":54}},"2":{"start":{"line":28,"column":8},"end":{"line":28,"column":992}},"3":{"start":{"line":33,"column":8},"end":{"line":33,"column":43}},"4":{"start":{"line":41,"column":4},"end":{"line":41,"column":57}},"5":{"start":{"line":43,"column":4},"end":{"line":43,"column":39}},"6":{"start":{"line":44,"column":4},"end":{"line":44,"column":60}},"7":{"start":{"line":51,"column":8},"end":{"line":51,"column":22}},"8":{"start":{"line":55,"column":8},"end":{"line":55,"column":33}}},"branchMap":{"1":{"line":28,"type":"if","locations":[{"start":{"line":28,"column":8},"end":{"line":28,"column":8}},{"start":{"line":28,"column":8},"end":{"line":28,"column":8}}]},"2":{"line":43,"type":"if","locations":[{"start":{"line":43,"column":4},"end":{"line":43,"column":4}},{"start":{"line":43,"column":4},"end":{"line":43,"column":4}}]}}},
"contracts/erc20.sol":{"l":{"15":0,"22":0,"25":0,"28":0,"32":0,"33":0,"37":0,"38":0,"39":0,"40":0,"44":0,"45":0,"46":0,"51":0,"52":0,"55":0},"path":"/home/thefirstelder/Documents/class/firstHardhatClass/contracts/erc20.sol","s":{"1":0,"2":0,"3":0,"4":0,"5":0,"6":0,"7":0,"8":0,"9":0},"b":{},"f":{"1":0,"2":0,"3":0,"4":0,"5":0,"6":0,"7":0,"8":0,"9":0},"fnMap":{"1":{"name":"name","line":14,"loc":{"start":{"line":14,"column":4},"end":{"line":17,"column":4}}},"2":{"name":"symbol","line":21,"loc":{"start":{"line":21,"column":4},"end":{"line":23,"column":4}}},"3":{"name":"decimals","line":24,"loc":{"start":{"line":24,"column":4},"end":{"line":26,"column":4}}},"4":{"name":"totalSupply","line":27,"loc":{"start":{"line":27,"column":4},"end":{"line":29,"column":4}}},"5":{"name":"balanceOf","line":31,"loc":{"start":{"line":31,"column":4},"end":{"line":34,"column":4}}},"6":{"name":"transfer","line":36,"loc":{"start":{"line":36,"column":4},"end":{"line":41,"column":4}}},"7":{"name":"transferFrom","line":43,"loc":{"start":{"line":43,"column":4},"end":{"line":48,"column":4}}},"8":{"name":"approve","line":50,"loc":{"start":{"line":50,"column":4},"end":{"line":53,"column":4}}},"9":{"name":"allowance","line":54,"loc":{"start":{"line":54,"column":4},"end":{"line":56,"column":4}}}},"statementMap":{"1":{"start":{"line":15,"column":8},"end":{"line":15,"column":24}},"2":{"start":{"line":22,"column":8},"end":{"line":22,"column":26}},"3":{"start":{"line":25,"column":8},"end":{"line":25,"column":28}},"4":{"start":{"line":28,"column":8},"end":{"line":28,"column":31}},"5":{"start":{"line":33,"column":8},"end":{"line":33,"column":22}},"6":{"start":{"line":40,"column":4},"end":{"line":40,"column":15}},"7":{"start":{"line":46,"column":4},"end":{"line":46,"column":15}},"8":{"start":{"line":52,"column":4},"end":{"line":52,"column":15}},"9":{"start":{"line":55,"column":4},"end":{"line":55,"column":39}}},"branchMap":{}},
"contracts/standarderc20.sol":{"l":{"11":1,"19":3,"20":2,"24":1,"25":1,"28":2,"29":1,"32":2,"36":1},"path":"/home/thefirstelder/Documents/class/firstHardhatClass/contracts/standarderc20.sol","s":{"1":3,"2":1,"3":2,"4":1},"b":{"1":[2,1],"2":[1,0],"3":[1,1],"4":[2,1],"5":[1,1],"6":[1,0]},"f":{"1":1,"2":3,"3":1,"4":2,"5":2,"6":1},"fnMap":{"1":{"name":"constructor","line":10,"loc":{"start":{"line":10,"column":4},"end":{"line":12,"column":4}}},"2":{"name":"onlyAdmin","line":18,"loc":{"start":{"line":18,"column":4},"end":{"line":21,"column":4}}},"3":{"name":"hasNotClaimed","line":23,"loc":{"start":{"line":23,"column":4},"end":{"line":26,"column":4}}},"4":{"name":"isWhitelisted","line":27,"loc":{"start":{"line":27,"column":4},"end":{"line":30,"column":4}}},"5":{"name":"addToWhiteList","line":31,"loc":{"start":{"line":31,"column":3},"end":{"line":33,"column":3}}},"6":{"name":"claim","line":35,"loc":{"start":{"line":35,"column":4},"end":{"line":37,"column":4}}}},"statementMap":{"1":{"start":{"line":19,"column":8},"end":{"line":19,"column":61}},"2":{"start":{"line":24,"column":8},"end":{"line":24,"column":53}},"3":{"start":{"line":28,"column":8},"end":{"line":28,"column":41}},"4":{"start":{"line":36,"column":8},"end":{"line":36,"column":39}}},"branchMap":{"1":{"line":19,"type":"if","locations":[{"start":{"line":19,"column":8},"end":{"line":19,"column":8}},{"start":{"line":19,"column":8},"end":{"line":19,"column":8}}]},"2":{"line":24,"type":"if","locations":[{"start":{"line":24,"column":8},"end":{"line":24,"column":8}},{"start":{"line":24,"column":8},"end":{"line":24,"column":8}}]},"3":{"line":28,"type":"if","locations":[{"start":{"line":28,"column":8},"end":{"line":28,"column":8}},{"start":{"line":28,"column":8},"end":{"line":28,"column":8}}]},"4":{"line":31,"type":"if","locations":[{"start":{"line":31,"column":49},"end":{"line":31,"column":49}},{"start":{"line":31,"column":49},"end":{"line":31,"column":49}}]},"5":{"line":35,"type":"if","locations":[{"start":{"line":35,"column":28},"end":{"line":35,"column":28}},{"start":{"line":35,"column":28},"end":{"line":35,"column":28}}]},"6":{"line":35,"type":"if","locations":[{"start":{"line":35,"column":44},"end":{"line":35,"column":44}},{"start":{"line":35,"column":44},"end":{"line":35,"column":44}}]}}}}
