TN:
SF:/home/thefirstelder/Documents/class/firstHardhatClass/contracts/Bank.sol
FN:25,deposit
FN:38,withdraw
FN:50,getCounter
FN:54,getCurrentUSerBalance
FNF:4
FNH:0
FNDA:0,deposit
FNDA:0,withdraw
FNDA:0,getCounter
FNDA:0,getCurrentUSerBalance
DA:27,0
DA:28,0
DA:29,0
DA:32,0
DA:33,0
DA:39,0
DA:41,0
DA:43,0
DA:44,0
DA:51,0
DA:55,0
LF:11
LH:0
BRDA:28,1,0,0
BRDA:28,1,1,0
BRDA:43,2,0,0
BRDA:43,2,1,0
BRF:4
BRH:0
end_of_record
TN:
SF:/home/thefirstelder/Documents/class/firstHardhatClass/contracts/erc20.sol
FN:14,name
FN:21,symbol
FN:24,decimals
FN:27,totalSupply
FN:31,balanceOf
FN:36,transfer
FN:43,transferFrom
FN:50,approve
FN:54,allowance
FNF:9
FNH:0
FNDA:0,name
FNDA:0,symbol
FNDA:0,decimals
FNDA:0,totalSupply
FNDA:0,balanceOf
FNDA:0,transfer
FNDA:0,transferFrom
FNDA:0,approve
FNDA:0,allowance
DA:15,0
DA:22,0
DA:25,0
DA:28,0
DA:32,0
DA:33,0
DA:37,0
DA:38,0
DA:39,0
DA:40,0
DA:44,0
DA:45,0
DA:46,0
DA:51,0
DA:52,0
DA:55,0
LF:16
LH:0
BRF:0
BRH:0
end_of_record
TN:
SF:/home/thefirstelder/Documents/class/firstHardhatClass/contracts/standarderc20.sol
FN:10,constructor
FN:18,onlyAdmin
FN:23,hasNotClaimed
FN:27,isWhitelisted
FN:31,addToWhiteList
FN:35,claim
FNF:6
FNH:6
FNDA:1,constructor
FNDA:3,onlyAdmin
FNDA:1,hasNotClaimed
FNDA:2,isWhitelisted
FNDA:2,addToWhiteList
FNDA:1,claim
DA:11,1
DA:19,3
DA:20,2
DA:24,1
DA:25,1
DA:28,2
DA:29,1
DA:32,2
DA:36,1
LF:9
LH:9
BRDA:19,1,0,2
BRDA:19,1,1,1
BRDA:24,2,0,1
BRDA:24,2,1,0
BRDA:28,3,0,1
BRDA:28,3,1,1
BRDA:31,4,0,2
BRDA:31,4,1,1
BRDA:35,5,0,1
BRDA:35,5,1,1
BRDA:35,6,0,1
BRDA:35,6,1,0
BRF:12
BRH:10
end_of_record
